[2021-03-24 11:06:10,882] SEVERE {b7a.log.crash} - error Error ("Failed to call the token endpoint.",error("Failed to init SSL context. Failed to get the public key from Crypto API. Certificate file not found at: /home/hansani/Ballerina_project/release_check/projects/alpha3_hackathon/scenario_01/../public.cert")) 
org.ballerinalang.test.runtime.exceptions.BallerinaTestException: error Error ("Failed to call the token endpoint.",error("Failed to init SSL context. Failed to get the public key from Crypto API. Certificate file not found at: /home/hansani/Ballerina_project/release_check/projects/alpha3_hackathon/scenario_01/../public.cert"))
	at org.ballerinalang.test.runtime.entity.TesterinaFunction.runOnSchedule(TesterinaFunction.java:122)
	at org.ballerinalang.test.runtime.entity.TesterinaFunction.invoke(TesterinaFunction.java:54)
	at org.ballerinalang.test.runtime.BTestRunner.startSuite(BTestRunner.java:553)
	at org.ballerinalang.test.runtime.BTestRunner.execute(BTestRunner.java:265)
	at org.ballerinalang.test.runtime.BTestRunner.runTest(BTestRunner.java:115)
	at org.ballerinalang.test.runtime.util.TesterinaUtils.executeTests(TesterinaUtils.java:76)
	at org.ballerinalang.test.runtime.Main.startTestSuit(Main.java:116)
	at org.ballerinalang.test.runtime.Main.main(Main.java:97)
Caused by: error Error ("Failed to call the token endpoint.",error("Failed to init SSL context. Failed to get the public key from Crypto API. Certificate file not found at: /home/hansani/Ballerina_project/release_check/projects/alpha3_hackathon/scenario_01/../public.cert"))
	at ballerina.oauth2.1_1_0-alpha5.oauth2_errors.prepareError(oauth2_errors.bal:27)
	at ballerina.oauth2.1_1_0-alpha5.client_oauth2_provider.sendRequest(client_oauth2_provider.bal:382)
	at ballerina.oauth2.1_1_0-alpha5.client_oauth2_provider.getAccessTokenFromAuthorizationRequest(client_oauth2_provider.bal:316)
	at ballerina.oauth2.1_1_0-alpha5.client_oauth2_provider.getOAuth2TokenForClientCredentialsGrant(client_oauth2_provider.bal:228)
	at ballerina.oauth2.1_1_0-alpha5.client_oauth2_provider.generateOAuth2Token(client_oauth2_provider.bal:197)
	at ballerina.oauth2.1_1_0-alpha5.$value$ClientOAuth2Provider.init(client_oauth2_provider.bal:171)
	at ballerina.oauth2.1_1_0-alpha5.$value$ClientOAuth2Provider.call(client_oauth2_provider.bal)
	at ballerina.oauth2.1_1_0-alpha5.$value$ClientOAuth2Provider.$init$(client_oauth2_provider.bal:159)
	at ballerina.oauth2.1_1_0-alpha5.$value$ClientOAuth2Provider.call(client_oauth2_provider.bal)
	at ballerina.http.1_1_0-alpha5.$value$ClientOAuth2Handler.init(auth_client_oauth2_handler.bal:46)
	at ballerina.http.1_1_0-alpha5.$value$ClientOAuth2Handler.call(auth_client_oauth2_handler.bal)
	at ballerina.http.1_1_0-alpha5.$value$ClientOAuth2Handler.$init$(auth_client_oauth2_handler.bal:38)
	at ballerina.http.1_1_0-alpha5.$value$ClientOAuth2Handler.call(auth_client_oauth2_handler.bal)
	at ballerina.http.1_1_0-alpha5.http_secure_client.initClientAuthHandler(http_secure_client.bal:245)
	at ballerina.http.1_1_0-alpha5.$value$HttpSecureClient.init(http_secure_client.bal:39)
	at ballerina.http.1_1_0-alpha5.$value$HttpSecureClient.call(http_secure_client.bal)
	at ballerina.http.1_1_0-alpha5.$value$HttpSecureClient.$init$(http_secure_client.bal:23)
	at ballerina.http.1_1_0-alpha5.$value$HttpSecureClient.call(http_secure_client.bal)
	at ballerina.http.1_1_0-alpha5.http_secure_client.createHttpSecureClient(http_secure_client.bal:209)
	at ballerina.http.1_1_0-alpha5.$value$HttpCachingClient.init(caching_http_caching_client.bal:46)
	at ballerina.http.1_1_0-alpha5.$value$HttpCachingClient.call(caching_http_caching_client.bal)
	at ballerina.http.1_1_0-alpha5.$value$HttpCachingClient.$init$(caching_http_caching_client.bal:28)
	at ballerina.http.1_1_0-alpha5.$value$HttpCachingClient.call(caching_http_caching_client.bal)
	at ballerina.http.1_1_0-alpha5.caching_http_caching_client.createHttpCachingClient(caching_http_caching_client.bal:266)
	at ballerina.http.1_1_0-alpha5.http_client_endpoint.createDefaultClient(http_client_endpoint.bal:672)
	at ballerina.http.1_1_0-alpha5.http_client_endpoint.createCookieClient(http_client_endpoint.bal:667)
	at ballerina.http.1_1_0-alpha5.http_client_endpoint.checkForRetry(http_client_endpoint.bal:572)
	at ballerina.http.1_1_0-alpha5.http_client_endpoint.initialize(http_client_endpoint.bal:542)
	at ballerina.http.1_1_0-alpha5.$value$Client.init(http_client_endpoint.bal:59)
	at ballerina.http.1_1_0-alpha5.$value$Client.call(http_client_endpoint.bal)
	at ballerina.http.1_1_0-alpha5.$value$Client.$init$(http_client_endpoint.bal:35)
	at ballerina.http.1_1_0-alpha5.$value$Client.call(http_client_endpoint.bal)
	at hansani.scenario_01.0_1_0.scenario_01.$gen$$0046$0060testinit$0062(scenario_01:5)
	at java.base/jdk.internal.reflect.NativeMethodAccessorImpl.invoke0(Native Method)
	at java.base/jdk.internal.reflect.NativeMethodAccessorImpl.invoke(NativeMethodAccessorImpl.java:62)
	at java.base/jdk.internal.reflect.DelegatingMethodAccessorImpl.invoke(DelegatingMethodAccessorImpl.java:43)
	at java.base/java.lang.reflect.Method.invoke(Method.java:566)
	at org.ballerinalang.test.runtime.entity.TesterinaFunction.lambda$runOnSchedule$0(TesterinaFunction.java:109)
	at io.ballerina.runtime.internal.scheduling.SchedulerItem.execute(Scheduler.java:571)
	at io.ballerina.runtime.internal.scheduling.Scheduler.run(Scheduler.java:301)
	at io.ballerina.runtime.internal.scheduling.Scheduler.runSafely(Scheduler.java:269)
	at java.base/java.lang.Thread.run(Thread.java:834)
Caused by: error("Failed to init SSL context. Failed to get the public key from Crypto API. Certificate file not found at: /home/hansani/Ballerina_project/release_check/projects/alpha3_hackathon/scenario_01/../public.cert")
	at io.ballerina.runtime.api.creators.ErrorCreator.createDistinctError(ErrorCreator.java:189)
	at io.ballerina.runtime.api.creators.ErrorCreator.createDistinctError(ErrorCreator.java:171)
	at org.ballerinalang.stdlib.oauth2.OAuth2Client.createError(OAuth2Client.java:295)
	at org.ballerinalang.stdlib.oauth2.OAuth2Client.doHttpRequest(OAuth2Client.java:93)
	at ballerina.oauth2.1_1_0-alpha5.oauth2_commons.doHttpRequest(oauth2_commons.bal:72)
	at ballerina.oauth2.1_1_0-alpha5.client_oauth2_provider.sendRequest(client_oauth2_provider.bal:380)
	... 40 more
 
[2021-03-24 11:08:16,623] SEVERE {b7a.log.crash} - error Error ("Failed to call the token endpoint.",error("Failed to send the request to the endpoint. PKIX path building failed: sun.security.provider.certpath.SunCertPathBuilderException: unable to find valid certification path to requested target")) 
org.ballerinalang.test.runtime.exceptions.BallerinaTestException: error Error ("Failed to call the token endpoint.",error("Failed to send the request to the endpoint. PKIX path building failed: sun.security.provider.certpath.SunCertPathBuilderException: unable to find valid certification path to requested target"))
	at org.ballerinalang.test.runtime.entity.TesterinaFunction.runOnSchedule(TesterinaFunction.java:122)
	at org.ballerinalang.test.runtime.entity.TesterinaFunction.invoke(TesterinaFunction.java:54)
	at org.ballerinalang.test.runtime.BTestRunner.startSuite(BTestRunner.java:553)
	at org.ballerinalang.test.runtime.BTestRunner.execute(BTestRunner.java:265)
	at org.ballerinalang.test.runtime.BTestRunner.runTest(BTestRunner.java:115)
	at org.ballerinalang.test.runtime.util.TesterinaUtils.executeTests(TesterinaUtils.java:76)
	at org.ballerinalang.test.runtime.Main.startTestSuit(Main.java:116)
	at org.ballerinalang.test.runtime.Main.main(Main.java:97)
Caused by: error Error ("Failed to call the token endpoint.",error("Failed to send the request to the endpoint. PKIX path building failed: sun.security.provider.certpath.SunCertPathBuilderException: unable to find valid certification path to requested target"))
	at ballerina.oauth2.1_1_0-alpha5.oauth2_errors.prepareError(oauth2_errors.bal:27)
	at ballerina.oauth2.1_1_0-alpha5.client_oauth2_provider.sendRequest(client_oauth2_provider.bal:382)
	at ballerina.oauth2.1_1_0-alpha5.client_oauth2_provider.getAccessTokenFromAuthorizationRequest(client_oauth2_provider.bal:316)
	at ballerina.oauth2.1_1_0-alpha5.client_oauth2_provider.getOAuth2TokenForClientCredentialsGrant(client_oauth2_provider.bal:228)
	at ballerina.oauth2.1_1_0-alpha5.client_oauth2_provider.generateOAuth2Token(client_oauth2_provider.bal:197)
	at ballerina.oauth2.1_1_0-alpha5.$value$ClientOAuth2Provider.init(client_oauth2_provider.bal:171)
	at ballerina.oauth2.1_1_0-alpha5.$value$ClientOAuth2Provider.call(client_oauth2_provider.bal)
	at ballerina.oauth2.1_1_0-alpha5.$value$ClientOAuth2Provider.$init$(client_oauth2_provider.bal:159)
	at ballerina.oauth2.1_1_0-alpha5.$value$ClientOAuth2Provider.call(client_oauth2_provider.bal)
	at ballerina.http.1_1_0-alpha5.$value$ClientOAuth2Handler.init(auth_client_oauth2_handler.bal:46)
	at ballerina.http.1_1_0-alpha5.$value$ClientOAuth2Handler.call(auth_client_oauth2_handler.bal)
	at ballerina.http.1_1_0-alpha5.$value$ClientOAuth2Handler.$init$(auth_client_oauth2_handler.bal:38)
	at ballerina.http.1_1_0-alpha5.$value$ClientOAuth2Handler.call(auth_client_oauth2_handler.bal)
	at ballerina.http.1_1_0-alpha5.http_secure_client.initClientAuthHandler(http_secure_client.bal:245)
	at ballerina.http.1_1_0-alpha5.$value$HttpSecureClient.init(http_secure_client.bal:39)
	at ballerina.http.1_1_0-alpha5.$value$HttpSecureClient.call(http_secure_client.bal)
	at ballerina.http.1_1_0-alpha5.$value$HttpSecureClient.$init$(http_secure_client.bal:23)
	at ballerina.http.1_1_0-alpha5.$value$HttpSecureClient.call(http_secure_client.bal)
	at ballerina.http.1_1_0-alpha5.http_secure_client.createHttpSecureClient(http_secure_client.bal:209)
	at ballerina.http.1_1_0-alpha5.$value$HttpCachingClient.init(caching_http_caching_client.bal:46)
	at ballerina.http.1_1_0-alpha5.$value$HttpCachingClient.call(caching_http_caching_client.bal)
	at ballerina.http.1_1_0-alpha5.$value$HttpCachingClient.$init$(caching_http_caching_client.bal:28)
	at ballerina.http.1_1_0-alpha5.$value$HttpCachingClient.call(caching_http_caching_client.bal)
	at ballerina.http.1_1_0-alpha5.caching_http_caching_client.createHttpCachingClient(caching_http_caching_client.bal:266)
	at ballerina.http.1_1_0-alpha5.http_client_endpoint.createDefaultClient(http_client_endpoint.bal:672)
	at ballerina.http.1_1_0-alpha5.http_client_endpoint.createCookieClient(http_client_endpoint.bal:667)
	at ballerina.http.1_1_0-alpha5.http_client_endpoint.checkForRetry(http_client_endpoint.bal:572)
	at ballerina.http.1_1_0-alpha5.http_client_endpoint.initialize(http_client_endpoint.bal:542)
	at ballerina.http.1_1_0-alpha5.$value$Client.init(http_client_endpoint.bal:59)
	at ballerina.http.1_1_0-alpha5.$value$Client.call(http_client_endpoint.bal)
	at ballerina.http.1_1_0-alpha5.$value$Client.$init$(http_client_endpoint.bal:35)
	at ballerina.http.1_1_0-alpha5.$value$Client.call(http_client_endpoint.bal)
	at hansani.scenario_01.0_1_0.scenario_01.$gen$$0046$0060testinit$0062(scenario_01:5)
	at java.base/jdk.internal.reflect.NativeMethodAccessorImpl.invoke0(Native Method)
	at java.base/jdk.internal.reflect.NativeMethodAccessorImpl.invoke(NativeMethodAccessorImpl.java:62)
	at java.base/jdk.internal.reflect.DelegatingMethodAccessorImpl.invoke(DelegatingMethodAccessorImpl.java:43)
	at java.base/java.lang.reflect.Method.invoke(Method.java:566)
	at org.ballerinalang.test.runtime.entity.TesterinaFunction.lambda$runOnSchedule$0(TesterinaFunction.java:109)
	at io.ballerina.runtime.internal.scheduling.SchedulerItem.execute(Scheduler.java:571)
	at io.ballerina.runtime.internal.scheduling.Scheduler.run(Scheduler.java:301)
	at io.ballerina.runtime.internal.scheduling.Scheduler.runSafely(Scheduler.java:269)
	at java.base/java.lang.Thread.run(Thread.java:834)
Caused by: error("Failed to send the request to the endpoint. PKIX path building failed: sun.security.provider.certpath.SunCertPathBuilderException: unable to find valid certification path to requested target")
	at io.ballerina.runtime.api.creators.ErrorCreator.createDistinctError(ErrorCreator.java:189)
	at io.ballerina.runtime.api.creators.ErrorCreator.createDistinctError(ErrorCreator.java:171)
	at org.ballerinalang.stdlib.oauth2.OAuth2Client.createError(OAuth2Client.java:295)
	at org.ballerinalang.stdlib.oauth2.OAuth2Client.callEndpoint(OAuth2Client.java:282)
	at org.ballerinalang.stdlib.oauth2.OAuth2Client.doHttpRequest(OAuth2Client.java:91)
	at ballerina.oauth2.1_1_0-alpha5.oauth2_commons.doHttpRequest(oauth2_commons.bal:72)
	at ballerina.oauth2.1_1_0-alpha5.client_oauth2_provider.sendRequest(client_oauth2_provider.bal:380)
	... 40 more
 
[2021-03-24 11:09:44,992] SEVERE {b7a.log.crash} - error Error ("Failed to call the token endpoint.",error("Failed to init SSL context. Failed to get the public key from Crypto API. Certificate file not found at: /home/hansani/Ballerina_project/release_check/projects/alpha3_hackathon/scenario_01/../public.cert")) 
org.ballerinalang.test.runtime.exceptions.BallerinaTestException: error Error ("Failed to call the token endpoint.",error("Failed to init SSL context. Failed to get the public key from Crypto API. Certificate file not found at: /home/hansani/Ballerina_project/release_check/projects/alpha3_hackathon/scenario_01/../public.cert"))
	at org.ballerinalang.test.runtime.entity.TesterinaFunction.runOnSchedule(TesterinaFunction.java:122)
	at org.ballerinalang.test.runtime.entity.TesterinaFunction.invoke(TesterinaFunction.java:54)
	at org.ballerinalang.test.runtime.BTestRunner.startSuite(BTestRunner.java:553)
	at org.ballerinalang.test.runtime.BTestRunner.execute(BTestRunner.java:265)
	at org.ballerinalang.test.runtime.BTestRunner.runTest(BTestRunner.java:115)
	at org.ballerinalang.test.runtime.util.TesterinaUtils.executeTests(TesterinaUtils.java:76)
	at org.ballerinalang.test.runtime.Main.startTestSuit(Main.java:116)
	at org.ballerinalang.test.runtime.Main.main(Main.java:97)
Caused by: error Error ("Failed to call the token endpoint.",error("Failed to init SSL context. Failed to get the public key from Crypto API. Certificate file not found at: /home/hansani/Ballerina_project/release_check/projects/alpha3_hackathon/scenario_01/../public.cert"))
	at ballerina.oauth2.1_1_0-alpha5.oauth2_errors.prepareError(oauth2_errors.bal:27)
	at ballerina.oauth2.1_1_0-alpha5.client_oauth2_provider.sendRequest(client_oauth2_provider.bal:382)
	at ballerina.oauth2.1_1_0-alpha5.client_oauth2_provider.getAccessTokenFromAuthorizationRequest(client_oauth2_provider.bal:316)
	at ballerina.oauth2.1_1_0-alpha5.client_oauth2_provider.getOAuth2TokenForClientCredentialsGrant(client_oauth2_provider.bal:228)
	at ballerina.oauth2.1_1_0-alpha5.client_oauth2_provider.generateOAuth2Token(client_oauth2_provider.bal:197)
	at ballerina.oauth2.1_1_0-alpha5.$value$ClientOAuth2Provider.init(client_oauth2_provider.bal:171)
	at ballerina.oauth2.1_1_0-alpha5.$value$ClientOAuth2Provider.call(client_oauth2_provider.bal)
	at ballerina.oauth2.1_1_0-alpha5.$value$ClientOAuth2Provider.$init$(client_oauth2_provider.bal:159)
	at ballerina.oauth2.1_1_0-alpha5.$value$ClientOAuth2Provider.call(client_oauth2_provider.bal)
	at ballerina.http.1_1_0-alpha5.$value$ClientOAuth2Handler.init(auth_client_oauth2_handler.bal:46)
	at ballerina.http.1_1_0-alpha5.$value$ClientOAuth2Handler.call(auth_client_oauth2_handler.bal)
	at ballerina.http.1_1_0-alpha5.$value$ClientOAuth2Handler.$init$(auth_client_oauth2_handler.bal:38)
	at ballerina.http.1_1_0-alpha5.$value$ClientOAuth2Handler.call(auth_client_oauth2_handler.bal)
	at ballerina.http.1_1_0-alpha5.http_secure_client.initClientAuthHandler(http_secure_client.bal:245)
	at ballerina.http.1_1_0-alpha5.$value$HttpSecureClient.init(http_secure_client.bal:39)
	at ballerina.http.1_1_0-alpha5.$value$HttpSecureClient.call(http_secure_client.bal)
	at ballerina.http.1_1_0-alpha5.$value$HttpSecureClient.$init$(http_secure_client.bal:23)
	at ballerina.http.1_1_0-alpha5.$value$HttpSecureClient.call(http_secure_client.bal)
	at ballerina.http.1_1_0-alpha5.http_secure_client.createHttpSecureClient(http_secure_client.bal:209)
	at ballerina.http.1_1_0-alpha5.$value$HttpCachingClient.init(caching_http_caching_client.bal:46)
	at ballerina.http.1_1_0-alpha5.$value$HttpCachingClient.call(caching_http_caching_client.bal)
	at ballerina.http.1_1_0-alpha5.$value$HttpCachingClient.$init$(caching_http_caching_client.bal:28)
	at ballerina.http.1_1_0-alpha5.$value$HttpCachingClient.call(caching_http_caching_client.bal)
	at ballerina.http.1_1_0-alpha5.caching_http_caching_client.createHttpCachingClient(caching_http_caching_client.bal:266)
	at ballerina.http.1_1_0-alpha5.http_client_endpoint.createDefaultClient(http_client_endpoint.bal:672)
	at ballerina.http.1_1_0-alpha5.http_client_endpoint.createCookieClient(http_client_endpoint.bal:667)
	at ballerina.http.1_1_0-alpha5.http_client_endpoint.checkForRetry(http_client_endpoint.bal:572)
	at ballerina.http.1_1_0-alpha5.http_client_endpoint.initialize(http_client_endpoint.bal:542)
	at ballerina.http.1_1_0-alpha5.$value$Client.init(http_client_endpoint.bal:59)
	at ballerina.http.1_1_0-alpha5.$value$Client.call(http_client_endpoint.bal)
	at ballerina.http.1_1_0-alpha5.$value$Client.$init$(http_client_endpoint.bal:35)
	at ballerina.http.1_1_0-alpha5.$value$Client.call(http_client_endpoint.bal)
	at hansani.scenario_01.0_1_0.scenario_01.$gen$$0046$0060testinit$0062(scenario_01:5)
	at java.base/jdk.internal.reflect.NativeMethodAccessorImpl.invoke0(Native Method)
	at java.base/jdk.internal.reflect.NativeMethodAccessorImpl.invoke(NativeMethodAccessorImpl.java:62)
	at java.base/jdk.internal.reflect.DelegatingMethodAccessorImpl.invoke(DelegatingMethodAccessorImpl.java:43)
	at java.base/java.lang.reflect.Method.invoke(Method.java:566)
	at org.ballerinalang.test.runtime.entity.TesterinaFunction.lambda$runOnSchedule$0(TesterinaFunction.java:109)
	at io.ballerina.runtime.internal.scheduling.SchedulerItem.execute(Scheduler.java:571)
	at io.ballerina.runtime.internal.scheduling.Scheduler.run(Scheduler.java:301)
	at io.ballerina.runtime.internal.scheduling.Scheduler.runSafely(Scheduler.java:269)
	at java.base/java.lang.Thread.run(Thread.java:834)
Caused by: error("Failed to init SSL context. Failed to get the public key from Crypto API. Certificate file not found at: /home/hansani/Ballerina_project/release_check/projects/alpha3_hackathon/scenario_01/../public.cert")
	at io.ballerina.runtime.api.creators.ErrorCreator.createDistinctError(ErrorCreator.java:189)
	at io.ballerina.runtime.api.creators.ErrorCreator.createDistinctError(ErrorCreator.java:171)
	at org.ballerinalang.stdlib.oauth2.OAuth2Client.createError(OAuth2Client.java:295)
	at org.ballerinalang.stdlib.oauth2.OAuth2Client.doHttpRequest(OAuth2Client.java:93)
	at ballerina.oauth2.1_1_0-alpha5.oauth2_commons.doHttpRequest(oauth2_commons.bal:72)
	at ballerina.oauth2.1_1_0-alpha5.client_oauth2_provider.sendRequest(client_oauth2_provider.bal:380)
	... 40 more
 
[2021-03-24 11:10:05,867] SEVERE {b7a.log.crash} - error Error ("Failed to call the token endpoint.",error("Failed to send the request to the endpoint. PKIX path building failed: sun.security.provider.certpath.SunCertPathBuilderException: unable to find valid certification path to requested target")) 
org.ballerinalang.test.runtime.exceptions.BallerinaTestException: error Error ("Failed to call the token endpoint.",error("Failed to send the request to the endpoint. PKIX path building failed: sun.security.provider.certpath.SunCertPathBuilderException: unable to find valid certification path to requested target"))
	at org.ballerinalang.test.runtime.entity.TesterinaFunction.runOnSchedule(TesterinaFunction.java:122)
	at org.ballerinalang.test.runtime.entity.TesterinaFunction.invoke(TesterinaFunction.java:54)
	at org.ballerinalang.test.runtime.BTestRunner.startSuite(BTestRunner.java:553)
	at org.ballerinalang.test.runtime.BTestRunner.execute(BTestRunner.java:265)
	at org.ballerinalang.test.runtime.BTestRunner.runTest(BTestRunner.java:115)
	at org.ballerinalang.test.runtime.util.TesterinaUtils.executeTests(TesterinaUtils.java:76)
	at org.ballerinalang.test.runtime.Main.startTestSuit(Main.java:116)
	at org.ballerinalang.test.runtime.Main.main(Main.java:97)
Caused by: error Error ("Failed to call the token endpoint.",error("Failed to send the request to the endpoint. PKIX path building failed: sun.security.provider.certpath.SunCertPathBuilderException: unable to find valid certification path to requested target"))
	at ballerina.oauth2.1_1_0-alpha5.oauth2_errors.prepareError(oauth2_errors.bal:27)
	at ballerina.oauth2.1_1_0-alpha5.client_oauth2_provider.sendRequest(client_oauth2_provider.bal:382)
	at ballerina.oauth2.1_1_0-alpha5.client_oauth2_provider.getAccessTokenFromAuthorizationRequest(client_oauth2_provider.bal:316)
	at ballerina.oauth2.1_1_0-alpha5.client_oauth2_provider.getOAuth2TokenForClientCredentialsGrant(client_oauth2_provider.bal:228)
	at ballerina.oauth2.1_1_0-alpha5.client_oauth2_provider.generateOAuth2Token(client_oauth2_provider.bal:197)
	at ballerina.oauth2.1_1_0-alpha5.$value$ClientOAuth2Provider.init(client_oauth2_provider.bal:171)
	at ballerina.oauth2.1_1_0-alpha5.$value$ClientOAuth2Provider.call(client_oauth2_provider.bal)
	at ballerina.oauth2.1_1_0-alpha5.$value$ClientOAuth2Provider.$init$(client_oauth2_provider.bal:159)
	at ballerina.oauth2.1_1_0-alpha5.$value$ClientOAuth2Provider.call(client_oauth2_provider.bal)
	at ballerina.http.1_1_0-alpha5.$value$ClientOAuth2Handler.init(auth_client_oauth2_handler.bal:46)
	at ballerina.http.1_1_0-alpha5.$value$ClientOAuth2Handler.call(auth_client_oauth2_handler.bal)
	at ballerina.http.1_1_0-alpha5.$value$ClientOAuth2Handler.$init$(auth_client_oauth2_handler.bal:38)
	at ballerina.http.1_1_0-alpha5.$value$ClientOAuth2Handler.call(auth_client_oauth2_handler.bal)
	at ballerina.http.1_1_0-alpha5.http_secure_client.initClientAuthHandler(http_secure_client.bal:245)
	at ballerina.http.1_1_0-alpha5.$value$HttpSecureClient.init(http_secure_client.bal:39)
	at ballerina.http.1_1_0-alpha5.$value$HttpSecureClient.call(http_secure_client.bal)
	at ballerina.http.1_1_0-alpha5.$value$HttpSecureClient.$init$(http_secure_client.bal:23)
	at ballerina.http.1_1_0-alpha5.$value$HttpSecureClient.call(http_secure_client.bal)
	at ballerina.http.1_1_0-alpha5.http_secure_client.createHttpSecureClient(http_secure_client.bal:209)
	at ballerina.http.1_1_0-alpha5.$value$HttpCachingClient.init(caching_http_caching_client.bal:46)
	at ballerina.http.1_1_0-alpha5.$value$HttpCachingClient.call(caching_http_caching_client.bal)
	at ballerina.http.1_1_0-alpha5.$value$HttpCachingClient.$init$(caching_http_caching_client.bal:28)
	at ballerina.http.1_1_0-alpha5.$value$HttpCachingClient.call(caching_http_caching_client.bal)
	at ballerina.http.1_1_0-alpha5.caching_http_caching_client.createHttpCachingClient(caching_http_caching_client.bal:266)
	at ballerina.http.1_1_0-alpha5.http_client_endpoint.createDefaultClient(http_client_endpoint.bal:672)
	at ballerina.http.1_1_0-alpha5.http_client_endpoint.createCookieClient(http_client_endpoint.bal:667)
	at ballerina.http.1_1_0-alpha5.http_client_endpoint.checkForRetry(http_client_endpoint.bal:572)
	at ballerina.http.1_1_0-alpha5.http_client_endpoint.initialize(http_client_endpoint.bal:542)
	at ballerina.http.1_1_0-alpha5.$value$Client.init(http_client_endpoint.bal:59)
	at ballerina.http.1_1_0-alpha5.$value$Client.call(http_client_endpoint.bal)
	at ballerina.http.1_1_0-alpha5.$value$Client.$init$(http_client_endpoint.bal:35)
	at ballerina.http.1_1_0-alpha5.$value$Client.call(http_client_endpoint.bal)
	at hansani.scenario_01.0_1_0.scenario_01.$gen$$0046$0060testinit$0062(scenario_01:5)
	at java.base/jdk.internal.reflect.NativeMethodAccessorImpl.invoke0(Native Method)
	at java.base/jdk.internal.reflect.NativeMethodAccessorImpl.invoke(NativeMethodAccessorImpl.java:62)
	at java.base/jdk.internal.reflect.DelegatingMethodAccessorImpl.invoke(DelegatingMethodAccessorImpl.java:43)
	at java.base/java.lang.reflect.Method.invoke(Method.java:566)
	at org.ballerinalang.test.runtime.entity.TesterinaFunction.lambda$runOnSchedule$0(TesterinaFunction.java:109)
	at io.ballerina.runtime.internal.scheduling.SchedulerItem.execute(Scheduler.java:571)
	at io.ballerina.runtime.internal.scheduling.Scheduler.run(Scheduler.java:301)
	at io.ballerina.runtime.internal.scheduling.Scheduler.runSafely(Scheduler.java:269)
	at java.base/java.lang.Thread.run(Thread.java:834)
Caused by: error("Failed to send the request to the endpoint. PKIX path building failed: sun.security.provider.certpath.SunCertPathBuilderException: unable to find valid certification path to requested target")
	at io.ballerina.runtime.api.creators.ErrorCreator.createDistinctError(ErrorCreator.java:189)
	at io.ballerina.runtime.api.creators.ErrorCreator.createDistinctError(ErrorCreator.java:171)
	at org.ballerinalang.stdlib.oauth2.OAuth2Client.createError(OAuth2Client.java:295)
	at org.ballerinalang.stdlib.oauth2.OAuth2Client.callEndpoint(OAuth2Client.java:282)
	at org.ballerinalang.stdlib.oauth2.OAuth2Client.doHttpRequest(OAuth2Client.java:91)
	at ballerina.oauth2.1_1_0-alpha5.oauth2_commons.doHttpRequest(oauth2_commons.bal:72)
	at ballerina.oauth2.1_1_0-alpha5.client_oauth2_provider.sendRequest(client_oauth2_provider.bal:380)
	... 40 more
 
[2021-03-24 11:10:58,950] SEVERE {b7a.log.crash} - error Error ("Failed to call the token endpoint.",error("Failed to send the request to the endpoint. PKIX path building failed: sun.security.provider.certpath.SunCertPathBuilderException: unable to find valid certification path to requested target")) 
org.ballerinalang.test.runtime.exceptions.BallerinaTestException: error Error ("Failed to call the token endpoint.",error("Failed to send the request to the endpoint. PKIX path building failed: sun.security.provider.certpath.SunCertPathBuilderException: unable to find valid certification path to requested target"))
	at org.ballerinalang.test.runtime.entity.TesterinaFunction.runOnSchedule(TesterinaFunction.java:122)
	at org.ballerinalang.test.runtime.entity.TesterinaFunction.invoke(TesterinaFunction.java:54)
	at org.ballerinalang.test.runtime.BTestRunner.startSuite(BTestRunner.java:553)
	at org.ballerinalang.test.runtime.BTestRunner.execute(BTestRunner.java:265)
	at org.ballerinalang.test.runtime.BTestRunner.runTest(BTestRunner.java:115)
	at org.ballerinalang.test.runtime.util.TesterinaUtils.executeTests(TesterinaUtils.java:76)
	at org.ballerinalang.test.runtime.Main.startTestSuit(Main.java:116)
	at org.ballerinalang.test.runtime.Main.main(Main.java:97)
Caused by: error Error ("Failed to call the token endpoint.",error("Failed to send the request to the endpoint. PKIX path building failed: sun.security.provider.certpath.SunCertPathBuilderException: unable to find valid certification path to requested target"))
	at ballerina.oauth2.1_1_0-alpha5.oauth2_errors.prepareError(oauth2_errors.bal:27)
	at ballerina.oauth2.1_1_0-alpha5.client_oauth2_provider.sendRequest(client_oauth2_provider.bal:382)
	at ballerina.oauth2.1_1_0-alpha5.client_oauth2_provider.getAccessTokenFromAuthorizationRequest(client_oauth2_provider.bal:316)
	at ballerina.oauth2.1_1_0-alpha5.client_oauth2_provider.getOAuth2TokenForClientCredentialsGrant(client_oauth2_provider.bal:228)
	at ballerina.oauth2.1_1_0-alpha5.client_oauth2_provider.generateOAuth2Token(client_oauth2_provider.bal:197)
	at ballerina.oauth2.1_1_0-alpha5.$value$ClientOAuth2Provider.init(client_oauth2_provider.bal:171)
	at ballerina.oauth2.1_1_0-alpha5.$value$ClientOAuth2Provider.call(client_oauth2_provider.bal)
	at ballerina.oauth2.1_1_0-alpha5.$value$ClientOAuth2Provider.$init$(client_oauth2_provider.bal:159)
	at ballerina.oauth2.1_1_0-alpha5.$value$ClientOAuth2Provider.call(client_oauth2_provider.bal)
	at ballerina.http.1_1_0-alpha5.$value$ClientOAuth2Handler.init(auth_client_oauth2_handler.bal:46)
	at ballerina.http.1_1_0-alpha5.$value$ClientOAuth2Handler.call(auth_client_oauth2_handler.bal)
	at ballerina.http.1_1_0-alpha5.$value$ClientOAuth2Handler.$init$(auth_client_oauth2_handler.bal:38)
	at ballerina.http.1_1_0-alpha5.$value$ClientOAuth2Handler.call(auth_client_oauth2_handler.bal)
	at ballerina.http.1_1_0-alpha5.http_secure_client.initClientAuthHandler(http_secure_client.bal:245)
	at ballerina.http.1_1_0-alpha5.$value$HttpSecureClient.init(http_secure_client.bal:39)
	at ballerina.http.1_1_0-alpha5.$value$HttpSecureClient.call(http_secure_client.bal)
	at ballerina.http.1_1_0-alpha5.$value$HttpSecureClient.$init$(http_secure_client.bal:23)
	at ballerina.http.1_1_0-alpha5.$value$HttpSecureClient.call(http_secure_client.bal)
	at ballerina.http.1_1_0-alpha5.http_secure_client.createHttpSecureClient(http_secure_client.bal:209)
	at ballerina.http.1_1_0-alpha5.$value$HttpCachingClient.init(caching_http_caching_client.bal:46)
	at ballerina.http.1_1_0-alpha5.$value$HttpCachingClient.call(caching_http_caching_client.bal)
	at ballerina.http.1_1_0-alpha5.$value$HttpCachingClient.$init$(caching_http_caching_client.bal:28)
	at ballerina.http.1_1_0-alpha5.$value$HttpCachingClient.call(caching_http_caching_client.bal)
	at ballerina.http.1_1_0-alpha5.caching_http_caching_client.createHttpCachingClient(caching_http_caching_client.bal:266)
	at ballerina.http.1_1_0-alpha5.http_client_endpoint.createDefaultClient(http_client_endpoint.bal:672)
	at ballerina.http.1_1_0-alpha5.http_client_endpoint.createCookieClient(http_client_endpoint.bal:667)
	at ballerina.http.1_1_0-alpha5.http_client_endpoint.checkForRetry(http_client_endpoint.bal:572)
	at ballerina.http.1_1_0-alpha5.http_client_endpoint.initialize(http_client_endpoint.bal:542)
	at ballerina.http.1_1_0-alpha5.$value$Client.init(http_client_endpoint.bal:59)
	at ballerina.http.1_1_0-alpha5.$value$Client.call(http_client_endpoint.bal)
	at ballerina.http.1_1_0-alpha5.$value$Client.$init$(http_client_endpoint.bal:35)
	at ballerina.http.1_1_0-alpha5.$value$Client.call(http_client_endpoint.bal)
	at hansani.scenario_01.0_1_0.scenario_01.$gen$$0046$0060testinit$0062(scenario_01:5)
	at java.base/jdk.internal.reflect.NativeMethodAccessorImpl.invoke0(Native Method)
	at java.base/jdk.internal.reflect.NativeMethodAccessorImpl.invoke(NativeMethodAccessorImpl.java:62)
	at java.base/jdk.internal.reflect.DelegatingMethodAccessorImpl.invoke(DelegatingMethodAccessorImpl.java:43)
	at java.base/java.lang.reflect.Method.invoke(Method.java:566)
	at org.ballerinalang.test.runtime.entity.TesterinaFunction.lambda$runOnSchedule$0(TesterinaFunction.java:109)
	at io.ballerina.runtime.internal.scheduling.SchedulerItem.execute(Scheduler.java:571)
	at io.ballerina.runtime.internal.scheduling.Scheduler.run(Scheduler.java:301)
	at io.ballerina.runtime.internal.scheduling.Scheduler.runSafely(Scheduler.java:269)
	at java.base/java.lang.Thread.run(Thread.java:834)
Caused by: error("Failed to send the request to the endpoint. PKIX path building failed: sun.security.provider.certpath.SunCertPathBuilderException: unable to find valid certification path to requested target")
	at io.ballerina.runtime.api.creators.ErrorCreator.createDistinctError(ErrorCreator.java:189)
	at io.ballerina.runtime.api.creators.ErrorCreator.createDistinctError(ErrorCreator.java:171)
	at org.ballerinalang.stdlib.oauth2.OAuth2Client.createError(OAuth2Client.java:295)
	at org.ballerinalang.stdlib.oauth2.OAuth2Client.callEndpoint(OAuth2Client.java:282)
	at org.ballerinalang.stdlib.oauth2.OAuth2Client.doHttpRequest(OAuth2Client.java:91)
	at ballerina.oauth2.1_1_0-alpha5.oauth2_commons.doHttpRequest(oauth2_commons.bal:72)
	at ballerina.oauth2.1_1_0-alpha5.client_oauth2_provider.sendRequest(client_oauth2_provider.bal:380)
	... 40 more
 
[2021-03-24 11:11:51,174] SEVERE {b7a.log.crash} - error Error ("Failed to call the token endpoint.",error("Failed to init SSL context. Failed to get the public key from Crypto API. Certificate file not found at: /home/hansani/Ballerina_project/release_check/projects/alpha3_hackathon/scenario_01/./../public.cert")) 
org.ballerinalang.test.runtime.exceptions.BallerinaTestException: error Error ("Failed to call the token endpoint.",error("Failed to init SSL context. Failed to get the public key from Crypto API. Certificate file not found at: /home/hansani/Ballerina_project/release_check/projects/alpha3_hackathon/scenario_01/./../public.cert"))
	at org.ballerinalang.test.runtime.entity.TesterinaFunction.runOnSchedule(TesterinaFunction.java:122)
	at org.ballerinalang.test.runtime.entity.TesterinaFunction.invoke(TesterinaFunction.java:54)
	at org.ballerinalang.test.runtime.BTestRunner.startSuite(BTestRunner.java:553)
	at org.ballerinalang.test.runtime.BTestRunner.execute(BTestRunner.java:265)
	at org.ballerinalang.test.runtime.BTestRunner.runTest(BTestRunner.java:115)
	at org.ballerinalang.test.runtime.util.TesterinaUtils.executeTests(TesterinaUtils.java:76)
	at org.ballerinalang.test.runtime.Main.startTestSuit(Main.java:116)
	at org.ballerinalang.test.runtime.Main.main(Main.java:97)
Caused by: error Error ("Failed to call the token endpoint.",error("Failed to init SSL context. Failed to get the public key from Crypto API. Certificate file not found at: /home/hansani/Ballerina_project/release_check/projects/alpha3_hackathon/scenario_01/./../public.cert"))
	at ballerina.oauth2.1_1_0-alpha5.oauth2_errors.prepareError(oauth2_errors.bal:27)
	at ballerina.oauth2.1_1_0-alpha5.client_oauth2_provider.sendRequest(client_oauth2_provider.bal:382)
	at ballerina.oauth2.1_1_0-alpha5.client_oauth2_provider.getAccessTokenFromAuthorizationRequest(client_oauth2_provider.bal:316)
	at ballerina.oauth2.1_1_0-alpha5.client_oauth2_provider.getOAuth2TokenForClientCredentialsGrant(client_oauth2_provider.bal:228)
	at ballerina.oauth2.1_1_0-alpha5.client_oauth2_provider.generateOAuth2Token(client_oauth2_provider.bal:197)
	at ballerina.oauth2.1_1_0-alpha5.$value$ClientOAuth2Provider.init(client_oauth2_provider.bal:171)
	at ballerina.oauth2.1_1_0-alpha5.$value$ClientOAuth2Provider.call(client_oauth2_provider.bal)
	at ballerina.oauth2.1_1_0-alpha5.$value$ClientOAuth2Provider.$init$(client_oauth2_provider.bal:159)
	at ballerina.oauth2.1_1_0-alpha5.$value$ClientOAuth2Provider.call(client_oauth2_provider.bal)
	at ballerina.http.1_1_0-alpha5.$value$ClientOAuth2Handler.init(auth_client_oauth2_handler.bal:46)
	at ballerina.http.1_1_0-alpha5.$value$ClientOAuth2Handler.call(auth_client_oauth2_handler.bal)
	at ballerina.http.1_1_0-alpha5.$value$ClientOAuth2Handler.$init$(auth_client_oauth2_handler.bal:38)
	at ballerina.http.1_1_0-alpha5.$value$ClientOAuth2Handler.call(auth_client_oauth2_handler.bal)
	at ballerina.http.1_1_0-alpha5.http_secure_client.initClientAuthHandler(http_secure_client.bal:245)
	at ballerina.http.1_1_0-alpha5.$value$HttpSecureClient.init(http_secure_client.bal:39)
	at ballerina.http.1_1_0-alpha5.$value$HttpSecureClient.call(http_secure_client.bal)
	at ballerina.http.1_1_0-alpha5.$value$HttpSecureClient.$init$(http_secure_client.bal:23)
	at ballerina.http.1_1_0-alpha5.$value$HttpSecureClient.call(http_secure_client.bal)
	at ballerina.http.1_1_0-alpha5.http_secure_client.createHttpSecureClient(http_secure_client.bal:209)
	at ballerina.http.1_1_0-alpha5.$value$HttpCachingClient.init(caching_http_caching_client.bal:46)
	at ballerina.http.1_1_0-alpha5.$value$HttpCachingClient.call(caching_http_caching_client.bal)
	at ballerina.http.1_1_0-alpha5.$value$HttpCachingClient.$init$(caching_http_caching_client.bal:28)
	at ballerina.http.1_1_0-alpha5.$value$HttpCachingClient.call(caching_http_caching_client.bal)
	at ballerina.http.1_1_0-alpha5.caching_http_caching_client.createHttpCachingClient(caching_http_caching_client.bal:266)
	at ballerina.http.1_1_0-alpha5.http_client_endpoint.createDefaultClient(http_client_endpoint.bal:672)
	at ballerina.http.1_1_0-alpha5.http_client_endpoint.createCookieClient(http_client_endpoint.bal:667)
	at ballerina.http.1_1_0-alpha5.http_client_endpoint.checkForRetry(http_client_endpoint.bal:572)
	at ballerina.http.1_1_0-alpha5.http_client_endpoint.initialize(http_client_endpoint.bal:542)
	at ballerina.http.1_1_0-alpha5.$value$Client.init(http_client_endpoint.bal:59)
	at ballerina.http.1_1_0-alpha5.$value$Client.call(http_client_endpoint.bal)
	at ballerina.http.1_1_0-alpha5.$value$Client.$init$(http_client_endpoint.bal:35)
	at ballerina.http.1_1_0-alpha5.$value$Client.call(http_client_endpoint.bal)
	at hansani.scenario_01.0_1_0.scenario_01.$gen$$0046$0060testinit$0062(scenario_01:5)
	at java.base/jdk.internal.reflect.NativeMethodAccessorImpl.invoke0(Native Method)
	at java.base/jdk.internal.reflect.NativeMethodAccessorImpl.invoke(NativeMethodAccessorImpl.java:62)
	at java.base/jdk.internal.reflect.DelegatingMethodAccessorImpl.invoke(DelegatingMethodAccessorImpl.java:43)
	at java.base/java.lang.reflect.Method.invoke(Method.java:566)
	at org.ballerinalang.test.runtime.entity.TesterinaFunction.lambda$runOnSchedule$0(TesterinaFunction.java:109)
	at io.ballerina.runtime.internal.scheduling.SchedulerItem.execute(Scheduler.java:571)
	at io.ballerina.runtime.internal.scheduling.Scheduler.run(Scheduler.java:301)
	at io.ballerina.runtime.internal.scheduling.Scheduler.runSafely(Scheduler.java:269)
	at java.base/java.lang.Thread.run(Thread.java:834)
Caused by: error("Failed to init SSL context. Failed to get the public key from Crypto API. Certificate file not found at: /home/hansani/Ballerina_project/release_check/projects/alpha3_hackathon/scenario_01/./../public.cert")
	at io.ballerina.runtime.api.creators.ErrorCreator.createDistinctError(ErrorCreator.java:189)
	at io.ballerina.runtime.api.creators.ErrorCreator.createDistinctError(ErrorCreator.java:171)
	at org.ballerinalang.stdlib.oauth2.OAuth2Client.createError(OAuth2Client.java:295)
	at org.ballerinalang.stdlib.oauth2.OAuth2Client.doHttpRequest(OAuth2Client.java:93)
	at ballerina.oauth2.1_1_0-alpha5.oauth2_commons.doHttpRequest(oauth2_commons.bal:72)
	at ballerina.oauth2.1_1_0-alpha5.client_oauth2_provider.sendRequest(client_oauth2_provider.bal:380)
	... 40 more
 
[2021-03-24 11:12:14,726] SEVERE {b7a.log.crash} - error Error ("Failed to call the token endpoint.",error("Failed to send the request to the endpoint. PKIX path building failed: sun.security.provider.certpath.SunCertPathBuilderException: unable to find valid certification path to requested target")) 
org.ballerinalang.test.runtime.exceptions.BallerinaTestException: error Error ("Failed to call the token endpoint.",error("Failed to send the request to the endpoint. PKIX path building failed: sun.security.provider.certpath.SunCertPathBuilderException: unable to find valid certification path to requested target"))
	at org.ballerinalang.test.runtime.entity.TesterinaFunction.runOnSchedule(TesterinaFunction.java:122)
	at org.ballerinalang.test.runtime.entity.TesterinaFunction.invoke(TesterinaFunction.java:54)
	at org.ballerinalang.test.runtime.BTestRunner.startSuite(BTestRunner.java:553)
	at org.ballerinalang.test.runtime.BTestRunner.execute(BTestRunner.java:265)
	at org.ballerinalang.test.runtime.BTestRunner.runTest(BTestRunner.java:115)
	at org.ballerinalang.test.runtime.util.TesterinaUtils.executeTests(TesterinaUtils.java:76)
	at org.ballerinalang.test.runtime.Main.startTestSuit(Main.java:116)
	at org.ballerinalang.test.runtime.Main.main(Main.java:97)
Caused by: error Error ("Failed to call the token endpoint.",error("Failed to send the request to the endpoint. PKIX path building failed: sun.security.provider.certpath.SunCertPathBuilderException: unable to find valid certification path to requested target"))
	at ballerina.oauth2.1_1_0-alpha5.oauth2_errors.prepareError(oauth2_errors.bal:27)
	at ballerina.oauth2.1_1_0-alpha5.client_oauth2_provider.sendRequest(client_oauth2_provider.bal:382)
	at ballerina.oauth2.1_1_0-alpha5.client_oauth2_provider.getAccessTokenFromAuthorizationRequest(client_oauth2_provider.bal:316)
	at ballerina.oauth2.1_1_0-alpha5.client_oauth2_provider.getOAuth2TokenForClientCredentialsGrant(client_oauth2_provider.bal:228)
	at ballerina.oauth2.1_1_0-alpha5.client_oauth2_provider.generateOAuth2Token(client_oauth2_provider.bal:197)
	at ballerina.oauth2.1_1_0-alpha5.$value$ClientOAuth2Provider.init(client_oauth2_provider.bal:171)
	at ballerina.oauth2.1_1_0-alpha5.$value$ClientOAuth2Provider.call(client_oauth2_provider.bal)
	at ballerina.oauth2.1_1_0-alpha5.$value$ClientOAuth2Provider.$init$(client_oauth2_provider.bal:159)
	at ballerina.oauth2.1_1_0-alpha5.$value$ClientOAuth2Provider.call(client_oauth2_provider.bal)
	at ballerina.http.1_1_0-alpha5.$value$ClientOAuth2Handler.init(auth_client_oauth2_handler.bal:46)
	at ballerina.http.1_1_0-alpha5.$value$ClientOAuth2Handler.call(auth_client_oauth2_handler.bal)
	at ballerina.http.1_1_0-alpha5.$value$ClientOAuth2Handler.$init$(auth_client_oauth2_handler.bal:38)
	at ballerina.http.1_1_0-alpha5.$value$ClientOAuth2Handler.call(auth_client_oauth2_handler.bal)
	at ballerina.http.1_1_0-alpha5.http_secure_client.initClientAuthHandler(http_secure_client.bal:245)
	at ballerina.http.1_1_0-alpha5.$value$HttpSecureClient.init(http_secure_client.bal:39)
	at ballerina.http.1_1_0-alpha5.$value$HttpSecureClient.call(http_secure_client.bal)
	at ballerina.http.1_1_0-alpha5.$value$HttpSecureClient.$init$(http_secure_client.bal:23)
	at ballerina.http.1_1_0-alpha5.$value$HttpSecureClient.call(http_secure_client.bal)
	at ballerina.http.1_1_0-alpha5.http_secure_client.createHttpSecureClient(http_secure_client.bal:209)
	at ballerina.http.1_1_0-alpha5.$value$HttpCachingClient.init(caching_http_caching_client.bal:46)
	at ballerina.http.1_1_0-alpha5.$value$HttpCachingClient.call(caching_http_caching_client.bal)
	at ballerina.http.1_1_0-alpha5.$value$HttpCachingClient.$init$(caching_http_caching_client.bal:28)
	at ballerina.http.1_1_0-alpha5.$value$HttpCachingClient.call(caching_http_caching_client.bal)
	at ballerina.http.1_1_0-alpha5.caching_http_caching_client.createHttpCachingClient(caching_http_caching_client.bal:266)
	at ballerina.http.1_1_0-alpha5.http_client_endpoint.createDefaultClient(http_client_endpoint.bal:672)
	at ballerina.http.1_1_0-alpha5.http_client_endpoint.createCookieClient(http_client_endpoint.bal:667)
	at ballerina.http.1_1_0-alpha5.http_client_endpoint.checkForRetry(http_client_endpoint.bal:572)
	at ballerina.http.1_1_0-alpha5.http_client_endpoint.initialize(http_client_endpoint.bal:542)
	at ballerina.http.1_1_0-alpha5.$value$Client.init(http_client_endpoint.bal:59)
	at ballerina.http.1_1_0-alpha5.$value$Client.call(http_client_endpoint.bal)
	at ballerina.http.1_1_0-alpha5.$value$Client.$init$(http_client_endpoint.bal:35)
	at ballerina.http.1_1_0-alpha5.$value$Client.call(http_client_endpoint.bal)
	at hansani.scenario_01.0_1_0.scenario_01.$gen$$0046$0060testinit$0062(scenario_01:5)
	at java.base/jdk.internal.reflect.NativeMethodAccessorImpl.invoke0(Native Method)
	at java.base/jdk.internal.reflect.NativeMethodAccessorImpl.invoke(NativeMethodAccessorImpl.java:62)
	at java.base/jdk.internal.reflect.DelegatingMethodAccessorImpl.invoke(DelegatingMethodAccessorImpl.java:43)
	at java.base/java.lang.reflect.Method.invoke(Method.java:566)
	at org.ballerinalang.test.runtime.entity.TesterinaFunction.lambda$runOnSchedule$0(TesterinaFunction.java:109)
	at io.ballerina.runtime.internal.scheduling.SchedulerItem.execute(Scheduler.java:571)
	at io.ballerina.runtime.internal.scheduling.Scheduler.run(Scheduler.java:301)
	at io.ballerina.runtime.internal.scheduling.Scheduler.runSafely(Scheduler.java:269)
	at java.base/java.lang.Thread.run(Thread.java:834)
Caused by: error("Failed to send the request to the endpoint. PKIX path building failed: sun.security.provider.certpath.SunCertPathBuilderException: unable to find valid certification path to requested target")
	at io.ballerina.runtime.api.creators.ErrorCreator.createDistinctError(ErrorCreator.java:189)
	at io.ballerina.runtime.api.creators.ErrorCreator.createDistinctError(ErrorCreator.java:171)
	at org.ballerinalang.stdlib.oauth2.OAuth2Client.createError(OAuth2Client.java:295)
	at org.ballerinalang.stdlib.oauth2.OAuth2Client.callEndpoint(OAuth2Client.java:282)
	at org.ballerinalang.stdlib.oauth2.OAuth2Client.doHttpRequest(OAuth2Client.java:91)
	at ballerina.oauth2.1_1_0-alpha5.oauth2_commons.doHttpRequest(oauth2_commons.bal:72)
	at ballerina.oauth2.1_1_0-alpha5.client_oauth2_provider.sendRequest(client_oauth2_provider.bal:380)
	... 40 more
 
[2021-03-24 11:22:31,975] SEVERE {b7a.log.crash} - error Error ("Failed to call the token endpoint.",error("Failed to init SSL context. Failed to get the public key from Crypto API. Certificate file not found at: /home/hansani/Ballerina_project/release_check/projects/alpha3_hackathon/scenario_01/../public.cert")) 
org.ballerinalang.test.runtime.exceptions.BallerinaTestException: error Error ("Failed to call the token endpoint.",error("Failed to init SSL context. Failed to get the public key from Crypto API. Certificate file not found at: /home/hansani/Ballerina_project/release_check/projects/alpha3_hackathon/scenario_01/../public.cert"))
	at org.ballerinalang.test.runtime.entity.TesterinaFunction.runOnSchedule(TesterinaFunction.java:122)
	at org.ballerinalang.test.runtime.entity.TesterinaFunction.invoke(TesterinaFunction.java:54)
	at org.ballerinalang.test.runtime.BTestRunner.startSuite(BTestRunner.java:553)
	at org.ballerinalang.test.runtime.BTestRunner.execute(BTestRunner.java:265)
	at org.ballerinalang.test.runtime.BTestRunner.runTest(BTestRunner.java:115)
	at org.ballerinalang.test.runtime.util.TesterinaUtils.executeTests(TesterinaUtils.java:76)
	at org.ballerinalang.test.runtime.Main.startTestSuit(Main.java:116)
	at org.ballerinalang.test.runtime.Main.main(Main.java:97)
Caused by: error Error ("Failed to call the token endpoint.",error("Failed to init SSL context. Failed to get the public key from Crypto API. Certificate file not found at: /home/hansani/Ballerina_project/release_check/projects/alpha3_hackathon/scenario_01/../public.cert"))
	at ballerina.oauth2.1_1_0-alpha5.oauth2_errors.prepareError(oauth2_errors.bal:27)
	at ballerina.oauth2.1_1_0-alpha5.client_oauth2_provider.sendRequest(client_oauth2_provider.bal:382)
	at ballerina.oauth2.1_1_0-alpha5.client_oauth2_provider.getAccessTokenFromAuthorizationRequest(client_oauth2_provider.bal:316)
	at ballerina.oauth2.1_1_0-alpha5.client_oauth2_provider.getOAuth2TokenForClientCredentialsGrant(client_oauth2_provider.bal:228)
	at ballerina.oauth2.1_1_0-alpha5.client_oauth2_provider.generateOAuth2Token(client_oauth2_provider.bal:197)
	at ballerina.oauth2.1_1_0-alpha5.$value$ClientOAuth2Provider.init(client_oauth2_provider.bal:171)
	at ballerina.oauth2.1_1_0-alpha5.$value$ClientOAuth2Provider.call(client_oauth2_provider.bal)
	at ballerina.oauth2.1_1_0-alpha5.$value$ClientOAuth2Provider.$init$(client_oauth2_provider.bal:159)
	at ballerina.oauth2.1_1_0-alpha5.$value$ClientOAuth2Provider.call(client_oauth2_provider.bal)
	at ballerina.http.1_1_0-alpha5.$value$ClientOAuth2Handler.init(auth_client_oauth2_handler.bal:46)
	at ballerina.http.1_1_0-alpha5.$value$ClientOAuth2Handler.call(auth_client_oauth2_handler.bal)
	at ballerina.http.1_1_0-alpha5.$value$ClientOAuth2Handler.$init$(auth_client_oauth2_handler.bal:38)
	at ballerina.http.1_1_0-alpha5.$value$ClientOAuth2Handler.call(auth_client_oauth2_handler.bal)
	at ballerina.http.1_1_0-alpha5.http_secure_client.initClientAuthHandler(http_secure_client.bal:245)
	at ballerina.http.1_1_0-alpha5.$value$HttpSecureClient.init(http_secure_client.bal:39)
	at ballerina.http.1_1_0-alpha5.$value$HttpSecureClient.call(http_secure_client.bal)
	at ballerina.http.1_1_0-alpha5.$value$HttpSecureClient.$init$(http_secure_client.bal:23)
	at ballerina.http.1_1_0-alpha5.$value$HttpSecureClient.call(http_secure_client.bal)
	at ballerina.http.1_1_0-alpha5.http_secure_client.createHttpSecureClient(http_secure_client.bal:209)
	at ballerina.http.1_1_0-alpha5.$value$HttpCachingClient.init(caching_http_caching_client.bal:46)
	at ballerina.http.1_1_0-alpha5.$value$HttpCachingClient.call(caching_http_caching_client.bal)
	at ballerina.http.1_1_0-alpha5.$value$HttpCachingClient.$init$(caching_http_caching_client.bal:28)
	at ballerina.http.1_1_0-alpha5.$value$HttpCachingClient.call(caching_http_caching_client.bal)
	at ballerina.http.1_1_0-alpha5.caching_http_caching_client.createHttpCachingClient(caching_http_caching_client.bal:266)
	at ballerina.http.1_1_0-alpha5.http_client_endpoint.createDefaultClient(http_client_endpoint.bal:672)
	at ballerina.http.1_1_0-alpha5.http_client_endpoint.createCookieClient(http_client_endpoint.bal:667)
	at ballerina.http.1_1_0-alpha5.http_client_endpoint.checkForRetry(http_client_endpoint.bal:572)
	at ballerina.http.1_1_0-alpha5.http_client_endpoint.initialize(http_client_endpoint.bal:542)
	at ballerina.http.1_1_0-alpha5.$value$Client.init(http_client_endpoint.bal:59)
	at ballerina.http.1_1_0-alpha5.$value$Client.call(http_client_endpoint.bal)
	at ballerina.http.1_1_0-alpha5.$value$Client.$init$(http_client_endpoint.bal:35)
	at ballerina.http.1_1_0-alpha5.$value$Client.call(http_client_endpoint.bal)
	at hansani.scenario_01.0_1_0.scenario_01.$gen$$0046$0060testinit$0062(scenario_01:5)
	at java.base/jdk.internal.reflect.NativeMethodAccessorImpl.invoke0(Native Method)
	at java.base/jdk.internal.reflect.NativeMethodAccessorImpl.invoke(NativeMethodAccessorImpl.java:62)
	at java.base/jdk.internal.reflect.DelegatingMethodAccessorImpl.invoke(DelegatingMethodAccessorImpl.java:43)
	at java.base/java.lang.reflect.Method.invoke(Method.java:566)
	at org.ballerinalang.test.runtime.entity.TesterinaFunction.lambda$runOnSchedule$0(TesterinaFunction.java:109)
	at io.ballerina.runtime.internal.scheduling.SchedulerItem.execute(Scheduler.java:571)
	at io.ballerina.runtime.internal.scheduling.Scheduler.run(Scheduler.java:301)
	at io.ballerina.runtime.internal.scheduling.Scheduler.runSafely(Scheduler.java:269)
	at java.base/java.lang.Thread.run(Thread.java:834)
Caused by: error("Failed to init SSL context. Failed to get the public key from Crypto API. Certificate file not found at: /home/hansani/Ballerina_project/release_check/projects/alpha3_hackathon/scenario_01/../public.cert")
	at io.ballerina.runtime.api.creators.ErrorCreator.createDistinctError(ErrorCreator.java:189)
	at io.ballerina.runtime.api.creators.ErrorCreator.createDistinctError(ErrorCreator.java:171)
	at org.ballerinalang.stdlib.oauth2.OAuth2Client.createError(OAuth2Client.java:295)
	at org.ballerinalang.stdlib.oauth2.OAuth2Client.doHttpRequest(OAuth2Client.java:93)
	at ballerina.oauth2.1_1_0-alpha5.oauth2_commons.doHttpRequest(oauth2_commons.bal:72)
	at ballerina.oauth2.1_1_0-alpha5.client_oauth2_provider.sendRequest(client_oauth2_provider.bal:380)
	... 40 more
 
[2021-03-24 14:05:38,024] SEVERE {b7a.log.crash} - error Error ("Failed to call the token endpoint.",error("Failed to init SSL context. Failed to get the public key from Crypto API. Certificate file not found at: /home/hansani/Ballerina_project/release_check/projects/alpha3_hackathon/scenario_01/../public.cert")) 
org.ballerinalang.test.runtime.exceptions.BallerinaTestException: error Error ("Failed to call the token endpoint.",error("Failed to init SSL context. Failed to get the public key from Crypto API. Certificate file not found at: /home/hansani/Ballerina_project/release_check/projects/alpha3_hackathon/scenario_01/../public.cert"))
	at org.ballerinalang.test.runtime.entity.TesterinaFunction.runOnSchedule(TesterinaFunction.java:122)
	at org.ballerinalang.test.runtime.entity.TesterinaFunction.invoke(TesterinaFunction.java:54)
	at org.ballerinalang.test.runtime.BTestRunner.startSuite(BTestRunner.java:553)
	at org.ballerinalang.test.runtime.BTestRunner.execute(BTestRunner.java:265)
	at org.ballerinalang.test.runtime.BTestRunner.runTest(BTestRunner.java:115)
	at org.ballerinalang.test.runtime.util.TesterinaUtils.executeTests(TesterinaUtils.java:76)
	at org.ballerinalang.test.runtime.Main.startTestSuit(Main.java:116)
	at org.ballerinalang.test.runtime.Main.main(Main.java:97)
Caused by: error Error ("Failed to call the token endpoint.",error("Failed to init SSL context. Failed to get the public key from Crypto API. Certificate file not found at: /home/hansani/Ballerina_project/release_check/projects/alpha3_hackathon/scenario_01/../public.cert"))
	at ballerina.oauth2.1_1_0-alpha5.oauth2_errors.prepareError(oauth2_errors.bal:27)
	at ballerina.oauth2.1_1_0-alpha5.client_oauth2_provider.sendRequest(client_oauth2_provider.bal:382)
	at ballerina.oauth2.1_1_0-alpha5.client_oauth2_provider.getAccessTokenFromAuthorizationRequest(client_oauth2_provider.bal:316)
	at ballerina.oauth2.1_1_0-alpha5.client_oauth2_provider.getOAuth2TokenForClientCredentialsGrant(client_oauth2_provider.bal:228)
	at ballerina.oauth2.1_1_0-alpha5.client_oauth2_provider.generateOAuth2Token(client_oauth2_provider.bal:197)
	at ballerina.oauth2.1_1_0-alpha5.$value$ClientOAuth2Provider.init(client_oauth2_provider.bal:171)
	at ballerina.oauth2.1_1_0-alpha5.$value$ClientOAuth2Provider.call(client_oauth2_provider.bal)
	at ballerina.oauth2.1_1_0-alpha5.$value$ClientOAuth2Provider.$init$(client_oauth2_provider.bal:159)
	at ballerina.oauth2.1_1_0-alpha5.$value$ClientOAuth2Provider.call(client_oauth2_provider.bal)
	at ballerina.http.1_1_0-alpha5.$value$ClientOAuth2Handler.init(auth_client_oauth2_handler.bal:46)
	at ballerina.http.1_1_0-alpha5.$value$ClientOAuth2Handler.call(auth_client_oauth2_handler.bal)
	at ballerina.http.1_1_0-alpha5.$value$ClientOAuth2Handler.$init$(auth_client_oauth2_handler.bal:38)
	at ballerina.http.1_1_0-alpha5.$value$ClientOAuth2Handler.call(auth_client_oauth2_handler.bal)
	at ballerina.http.1_1_0-alpha5.http_secure_client.initClientAuthHandler(http_secure_client.bal:245)
	at ballerina.http.1_1_0-alpha5.$value$HttpSecureClient.init(http_secure_client.bal:39)
	at ballerina.http.1_1_0-alpha5.$value$HttpSecureClient.call(http_secure_client.bal)
	at ballerina.http.1_1_0-alpha5.$value$HttpSecureClient.$init$(http_secure_client.bal:23)
	at ballerina.http.1_1_0-alpha5.$value$HttpSecureClient.call(http_secure_client.bal)
	at ballerina.http.1_1_0-alpha5.http_secure_client.createHttpSecureClient(http_secure_client.bal:209)
	at ballerina.http.1_1_0-alpha5.$value$HttpCachingClient.init(caching_http_caching_client.bal:46)
	at ballerina.http.1_1_0-alpha5.$value$HttpCachingClient.call(caching_http_caching_client.bal)
	at ballerina.http.1_1_0-alpha5.$value$HttpCachingClient.$init$(caching_http_caching_client.bal:28)
	at ballerina.http.1_1_0-alpha5.$value$HttpCachingClient.call(caching_http_caching_client.bal)
	at ballerina.http.1_1_0-alpha5.caching_http_caching_client.createHttpCachingClient(caching_http_caching_client.bal:266)
	at ballerina.http.1_1_0-alpha5.http_client_endpoint.createDefaultClient(http_client_endpoint.bal:672)
	at ballerina.http.1_1_0-alpha5.http_client_endpoint.createCookieClient(http_client_endpoint.bal:667)
	at ballerina.http.1_1_0-alpha5.http_client_endpoint.checkForRetry(http_client_endpoint.bal:572)
	at ballerina.http.1_1_0-alpha5.http_client_endpoint.initialize(http_client_endpoint.bal:542)
	at ballerina.http.1_1_0-alpha5.$value$Client.init(http_client_endpoint.bal:59)
	at ballerina.http.1_1_0-alpha5.$value$Client.call(http_client_endpoint.bal)
	at ballerina.http.1_1_0-alpha5.$value$Client.$init$(http_client_endpoint.bal:35)
	at ballerina.http.1_1_0-alpha5.$value$Client.call(http_client_endpoint.bal)
	at hansani.scenario_01.0_1_0.scenario_01.$gen$$0046$0060testinit$0062(scenario_01:5)
	at java.base/jdk.internal.reflect.NativeMethodAccessorImpl.invoke0(Native Method)
	at java.base/jdk.internal.reflect.NativeMethodAccessorImpl.invoke(NativeMethodAccessorImpl.java:62)
	at java.base/jdk.internal.reflect.DelegatingMethodAccessorImpl.invoke(DelegatingMethodAccessorImpl.java:43)
	at java.base/java.lang.reflect.Method.invoke(Method.java:566)
	at org.ballerinalang.test.runtime.entity.TesterinaFunction.lambda$runOnSchedule$0(TesterinaFunction.java:109)
	at io.ballerina.runtime.internal.scheduling.SchedulerItem.execute(Scheduler.java:571)
	at io.ballerina.runtime.internal.scheduling.Scheduler.run(Scheduler.java:301)
	at io.ballerina.runtime.internal.scheduling.Scheduler.runSafely(Scheduler.java:269)
	at java.base/java.lang.Thread.run(Thread.java:834)
Caused by: error("Failed to init SSL context. Failed to get the public key from Crypto API. Certificate file not found at: /home/hansani/Ballerina_project/release_check/projects/alpha3_hackathon/scenario_01/../public.cert")
	at io.ballerina.runtime.api.creators.ErrorCreator.createDistinctError(ErrorCreator.java:189)
	at io.ballerina.runtime.api.creators.ErrorCreator.createDistinctError(ErrorCreator.java:171)
	at org.ballerinalang.stdlib.oauth2.OAuth2Client.createError(OAuth2Client.java:295)
	at org.ballerinalang.stdlib.oauth2.OAuth2Client.doHttpRequest(OAuth2Client.java:93)
	at ballerina.oauth2.1_1_0-alpha5.oauth2_commons.doHttpRequest(oauth2_commons.bal:72)
	at ballerina.oauth2.1_1_0-alpha5.client_oauth2_provider.sendRequest(client_oauth2_provider.bal:380)
	... 40 more
 
[2021-03-24 14:22:36,945] SEVERE {b7a.log.crash} - error Error ("Failed to call the token endpoint.",error("Failed to send the request to the endpoint. PKIX path building failed: sun.security.provider.certpath.SunCertPathBuilderException: unable to find valid certification path to requested target")) 
org.ballerinalang.test.runtime.exceptions.BallerinaTestException: error Error ("Failed to call the token endpoint.",error("Failed to send the request to the endpoint. PKIX path building failed: sun.security.provider.certpath.SunCertPathBuilderException: unable to find valid certification path to requested target"))
	at org.ballerinalang.test.runtime.entity.TesterinaFunction.runOnSchedule(TesterinaFunction.java:122)
	at org.ballerinalang.test.runtime.entity.TesterinaFunction.invoke(TesterinaFunction.java:54)
	at org.ballerinalang.test.runtime.BTestRunner.startSuite(BTestRunner.java:553)
	at org.ballerinalang.test.runtime.BTestRunner.execute(BTestRunner.java:265)
	at org.ballerinalang.test.runtime.BTestRunner.runTest(BTestRunner.java:115)
	at org.ballerinalang.test.runtime.util.TesterinaUtils.executeTests(TesterinaUtils.java:76)
	at org.ballerinalang.test.runtime.Main.startTestSuit(Main.java:116)
	at org.ballerinalang.test.runtime.Main.main(Main.java:97)
Caused by: error Error ("Failed to call the token endpoint.",error("Failed to send the request to the endpoint. PKIX path building failed: sun.security.provider.certpath.SunCertPathBuilderException: unable to find valid certification path to requested target"))
	at ballerina.oauth2.1_1_0-alpha5.oauth2_errors.prepareError(oauth2_errors.bal:27)
	at ballerina.oauth2.1_1_0-alpha5.client_oauth2_provider.sendRequest(client_oauth2_provider.bal:382)
	at ballerina.oauth2.1_1_0-alpha5.client_oauth2_provider.getAccessTokenFromAuthorizationRequest(client_oauth2_provider.bal:316)
	at ballerina.oauth2.1_1_0-alpha5.client_oauth2_provider.getOAuth2TokenForClientCredentialsGrant(client_oauth2_provider.bal:228)
	at ballerina.oauth2.1_1_0-alpha5.client_oauth2_provider.generateOAuth2Token(client_oauth2_provider.bal:197)
	at ballerina.oauth2.1_1_0-alpha5.$value$ClientOAuth2Provider.init(client_oauth2_provider.bal:171)
	at ballerina.oauth2.1_1_0-alpha5.$value$ClientOAuth2Provider.call(client_oauth2_provider.bal)
	at ballerina.oauth2.1_1_0-alpha5.$value$ClientOAuth2Provider.$init$(client_oauth2_provider.bal:159)
	at ballerina.oauth2.1_1_0-alpha5.$value$ClientOAuth2Provider.call(client_oauth2_provider.bal)
	at ballerina.http.1_1_0-alpha5.$value$ClientOAuth2Handler.init(auth_client_oauth2_handler.bal:46)
	at ballerina.http.1_1_0-alpha5.$value$ClientOAuth2Handler.call(auth_client_oauth2_handler.bal)
	at ballerina.http.1_1_0-alpha5.$value$ClientOAuth2Handler.$init$(auth_client_oauth2_handler.bal:38)
	at ballerina.http.1_1_0-alpha5.$value$ClientOAuth2Handler.call(auth_client_oauth2_handler.bal)
	at ballerina.http.1_1_0-alpha5.http_secure_client.initClientAuthHandler(http_secure_client.bal:245)
	at ballerina.http.1_1_0-alpha5.$value$HttpSecureClient.init(http_secure_client.bal:39)
	at ballerina.http.1_1_0-alpha5.$value$HttpSecureClient.call(http_secure_client.bal)
	at ballerina.http.1_1_0-alpha5.$value$HttpSecureClient.$init$(http_secure_client.bal:23)
	at ballerina.http.1_1_0-alpha5.$value$HttpSecureClient.call(http_secure_client.bal)
	at ballerina.http.1_1_0-alpha5.http_secure_client.createHttpSecureClient(http_secure_client.bal:209)
	at ballerina.http.1_1_0-alpha5.$value$HttpCachingClient.init(caching_http_caching_client.bal:46)
	at ballerina.http.1_1_0-alpha5.$value$HttpCachingClient.call(caching_http_caching_client.bal)
	at ballerina.http.1_1_0-alpha5.$value$HttpCachingClient.$init$(caching_http_caching_client.bal:28)
	at ballerina.http.1_1_0-alpha5.$value$HttpCachingClient.call(caching_http_caching_client.bal)
	at ballerina.http.1_1_0-alpha5.caching_http_caching_client.createHttpCachingClient(caching_http_caching_client.bal:266)
	at ballerina.http.1_1_0-alpha5.http_client_endpoint.createDefaultClient(http_client_endpoint.bal:672)
	at ballerina.http.1_1_0-alpha5.http_client_endpoint.createCookieClient(http_client_endpoint.bal:667)
	at ballerina.http.1_1_0-alpha5.http_client_endpoint.checkForRetry(http_client_endpoint.bal:572)
	at ballerina.http.1_1_0-alpha5.http_client_endpoint.initialize(http_client_endpoint.bal:542)
	at ballerina.http.1_1_0-alpha5.$value$Client.init(http_client_endpoint.bal:59)
	at ballerina.http.1_1_0-alpha5.$value$Client.call(http_client_endpoint.bal)
	at ballerina.http.1_1_0-alpha5.$value$Client.$init$(http_client_endpoint.bal:35)
	at ballerina.http.1_1_0-alpha5.$value$Client.call(http_client_endpoint.bal)
	at hansani.scenario_01.0_1_0.scenario_01.$gen$$0046$0060testinit$0062(scenario_01:5)
	at java.base/jdk.internal.reflect.NativeMethodAccessorImpl.invoke0(Native Method)
	at java.base/jdk.internal.reflect.NativeMethodAccessorImpl.invoke(NativeMethodAccessorImpl.java:62)
	at java.base/jdk.internal.reflect.DelegatingMethodAccessorImpl.invoke(DelegatingMethodAccessorImpl.java:43)
	at java.base/java.lang.reflect.Method.invoke(Method.java:566)
	at org.ballerinalang.test.runtime.entity.TesterinaFunction.lambda$runOnSchedule$0(TesterinaFunction.java:109)
	at io.ballerina.runtime.internal.scheduling.SchedulerItem.execute(Scheduler.java:571)
	at io.ballerina.runtime.internal.scheduling.Scheduler.run(Scheduler.java:301)
	at io.ballerina.runtime.internal.scheduling.Scheduler.runSafely(Scheduler.java:269)
	at java.base/java.lang.Thread.run(Thread.java:834)
Caused by: error("Failed to send the request to the endpoint. PKIX path building failed: sun.security.provider.certpath.SunCertPathBuilderException: unable to find valid certification path to requested target")
	at io.ballerina.runtime.api.creators.ErrorCreator.createDistinctError(ErrorCreator.java:189)
	at io.ballerina.runtime.api.creators.ErrorCreator.createDistinctError(ErrorCreator.java:171)
	at org.ballerinalang.stdlib.oauth2.OAuth2Client.createError(OAuth2Client.java:295)
	at org.ballerinalang.stdlib.oauth2.OAuth2Client.callEndpoint(OAuth2Client.java:282)
	at org.ballerinalang.stdlib.oauth2.OAuth2Client.doHttpRequest(OAuth2Client.java:91)
	at ballerina.oauth2.1_1_0-alpha5.oauth2_commons.doHttpRequest(oauth2_commons.bal:72)
	at ballerina.oauth2.1_1_0-alpha5.client_oauth2_provider.sendRequest(client_oauth2_provider.bal:380)
	... 40 more
 
[2021-03-24 14:26:49,202] SEVERE {b7a.log.crash} - error Error ("Failed to call the token endpoint.",error("Failed to send the request to the endpoint. PKIX path building failed: sun.security.provider.certpath.SunCertPathBuilderException: unable to find valid certification path to requested target")) 
org.ballerinalang.test.runtime.exceptions.BallerinaTestException: error Error ("Failed to call the token endpoint.",error("Failed to send the request to the endpoint. PKIX path building failed: sun.security.provider.certpath.SunCertPathBuilderException: unable to find valid certification path to requested target"))
	at org.ballerinalang.test.runtime.entity.TesterinaFunction.runOnSchedule(TesterinaFunction.java:122)
	at org.ballerinalang.test.runtime.entity.TesterinaFunction.invoke(TesterinaFunction.java:54)
	at org.ballerinalang.test.runtime.BTestRunner.startSuite(BTestRunner.java:553)
	at org.ballerinalang.test.runtime.BTestRunner.execute(BTestRunner.java:265)
	at org.ballerinalang.test.runtime.BTestRunner.runTest(BTestRunner.java:115)
	at org.ballerinalang.test.runtime.util.TesterinaUtils.executeTests(TesterinaUtils.java:76)
	at org.ballerinalang.test.runtime.Main.startTestSuit(Main.java:116)
	at org.ballerinalang.test.runtime.Main.main(Main.java:97)
Caused by: error Error ("Failed to call the token endpoint.",error("Failed to send the request to the endpoint. PKIX path building failed: sun.security.provider.certpath.SunCertPathBuilderException: unable to find valid certification path to requested target"))
	at ballerina.oauth2.1_1_0-alpha5.oauth2_errors.prepareError(oauth2_errors.bal:27)
	at ballerina.oauth2.1_1_0-alpha5.client_oauth2_provider.sendRequest(client_oauth2_provider.bal:382)
	at ballerina.oauth2.1_1_0-alpha5.client_oauth2_provider.getAccessTokenFromAuthorizationRequest(client_oauth2_provider.bal:316)
	at ballerina.oauth2.1_1_0-alpha5.client_oauth2_provider.getOAuth2TokenForClientCredentialsGrant(client_oauth2_provider.bal:228)
	at ballerina.oauth2.1_1_0-alpha5.client_oauth2_provider.generateOAuth2Token(client_oauth2_provider.bal:197)
	at ballerina.oauth2.1_1_0-alpha5.$value$ClientOAuth2Provider.init(client_oauth2_provider.bal:171)
	at ballerina.oauth2.1_1_0-alpha5.$value$ClientOAuth2Provider.call(client_oauth2_provider.bal)
	at ballerina.oauth2.1_1_0-alpha5.$value$ClientOAuth2Provider.$init$(client_oauth2_provider.bal:159)
	at ballerina.oauth2.1_1_0-alpha5.$value$ClientOAuth2Provider.call(client_oauth2_provider.bal)
	at ballerina.http.1_1_0-alpha5.$value$ClientOAuth2Handler.init(auth_client_oauth2_handler.bal:46)
	at ballerina.http.1_1_0-alpha5.$value$ClientOAuth2Handler.call(auth_client_oauth2_handler.bal)
	at ballerina.http.1_1_0-alpha5.$value$ClientOAuth2Handler.$init$(auth_client_oauth2_handler.bal:38)
	at ballerina.http.1_1_0-alpha5.$value$ClientOAuth2Handler.call(auth_client_oauth2_handler.bal)
	at ballerina.http.1_1_0-alpha5.http_secure_client.initClientAuthHandler(http_secure_client.bal:245)
	at ballerina.http.1_1_0-alpha5.$value$HttpSecureClient.init(http_secure_client.bal:39)
	at ballerina.http.1_1_0-alpha5.$value$HttpSecureClient.call(http_secure_client.bal)
	at ballerina.http.1_1_0-alpha5.$value$HttpSecureClient.$init$(http_secure_client.bal:23)
	at ballerina.http.1_1_0-alpha5.$value$HttpSecureClient.call(http_secure_client.bal)
	at ballerina.http.1_1_0-alpha5.http_secure_client.createHttpSecureClient(http_secure_client.bal:209)
	at ballerina.http.1_1_0-alpha5.$value$HttpCachingClient.init(caching_http_caching_client.bal:46)
	at ballerina.http.1_1_0-alpha5.$value$HttpCachingClient.call(caching_http_caching_client.bal)
	at ballerina.http.1_1_0-alpha5.$value$HttpCachingClient.$init$(caching_http_caching_client.bal:28)
	at ballerina.http.1_1_0-alpha5.$value$HttpCachingClient.call(caching_http_caching_client.bal)
	at ballerina.http.1_1_0-alpha5.caching_http_caching_client.createHttpCachingClient(caching_http_caching_client.bal:266)
	at ballerina.http.1_1_0-alpha5.http_client_endpoint.createDefaultClient(http_client_endpoint.bal:672)
	at ballerina.http.1_1_0-alpha5.http_client_endpoint.createCookieClient(http_client_endpoint.bal:667)
	at ballerina.http.1_1_0-alpha5.http_client_endpoint.checkForRetry(http_client_endpoint.bal:572)
	at ballerina.http.1_1_0-alpha5.http_client_endpoint.initialize(http_client_endpoint.bal:542)
	at ballerina.http.1_1_0-alpha5.$value$Client.init(http_client_endpoint.bal:59)
	at ballerina.http.1_1_0-alpha5.$value$Client.call(http_client_endpoint.bal)
	at ballerina.http.1_1_0-alpha5.$value$Client.$init$(http_client_endpoint.bal:35)
	at ballerina.http.1_1_0-alpha5.$value$Client.call(http_client_endpoint.bal)
	at hansani.scenario_01.0_1_0.scenario_01.$gen$$0046$0060testinit$0062(scenario_01:5)
	at java.base/jdk.internal.reflect.NativeMethodAccessorImpl.invoke0(Native Method)
	at java.base/jdk.internal.reflect.NativeMethodAccessorImpl.invoke(NativeMethodAccessorImpl.java:62)
	at java.base/jdk.internal.reflect.DelegatingMethodAccessorImpl.invoke(DelegatingMethodAccessorImpl.java:43)
	at java.base/java.lang.reflect.Method.invoke(Method.java:566)
	at org.ballerinalang.test.runtime.entity.TesterinaFunction.lambda$runOnSchedule$0(TesterinaFunction.java:109)
	at io.ballerina.runtime.internal.scheduling.SchedulerItem.execute(Scheduler.java:571)
	at io.ballerina.runtime.internal.scheduling.Scheduler.run(Scheduler.java:301)
	at io.ballerina.runtime.internal.scheduling.Scheduler.runSafely(Scheduler.java:269)
	at java.base/java.lang.Thread.run(Thread.java:834)
Caused by: error("Failed to send the request to the endpoint. PKIX path building failed: sun.security.provider.certpath.SunCertPathBuilderException: unable to find valid certification path to requested target")
	at io.ballerina.runtime.api.creators.ErrorCreator.createDistinctError(ErrorCreator.java:189)
	at io.ballerina.runtime.api.creators.ErrorCreator.createDistinctError(ErrorCreator.java:171)
	at org.ballerinalang.stdlib.oauth2.OAuth2Client.createError(OAuth2Client.java:295)
	at org.ballerinalang.stdlib.oauth2.OAuth2Client.callEndpoint(OAuth2Client.java:282)
	at org.ballerinalang.stdlib.oauth2.OAuth2Client.doHttpRequest(OAuth2Client.java:91)
	at ballerina.oauth2.1_1_0-alpha5.oauth2_commons.doHttpRequest(oauth2_commons.bal:72)
	at ballerina.oauth2.1_1_0-alpha5.client_oauth2_provider.sendRequest(client_oauth2_provider.bal:380)
	... 40 more
 
